TRACE - registering event source with poller: token=Token(0), interests=READABLE
TRACE - registering event source with poller: token=Token(1), interests=READABLE
TRACE - ./Cargo.toml is not a folder
TRACE - ./Cargo.toml is not a folder
TRACE - ./Cargo.toml is not a folder
TRACE - registering event source with poller: token=Token(0), interests=READABLE
TRACE - registering event source with poller: token=Token(1), interests=READABLE
TRACE - ././target/debug is not a folder
TRACE - ././target/debug is not a folder
TRACE - ././target/debug is not a folder
TRACE - ././target/debug is not a folder
TRACE - registering event source with poller: token=Token(0), interests=READABLE
TRACE - registering event source with poller: token=Token(1), interests=READABLE
TRACE - debug is not a folder
TRACE - debug is not a folder
TRACE - debug is not a folder
TRACE - debug is not a folder
TRACE - debug is not a folder
TRACE - debug is not a folder
TRACE - debug is not a folder
TRACE - registering event source with poller: token=Token(0), interests=READABLE
TRACE - registering event source with poller: token=Token(1), interests=READABLE
TRACE - registering event source with poller: token=Token(0), interests=READABLE
TRACE - registering event source with poller: token=Token(1), interests=READABLE
TRACE - registering event source with poller: token=Token(0), interests=READABLE
TRACE - registering event source with poller: token=Token(1), interests=READABLE
TRACE - registering event source with poller: token=Token(0), interests=READABLE
TRACE - registering event source with poller: token=Token(1), interests=READABLE
TRACE - registering event source with poller: token=Token(0), interests=READABLE
TRACE - registering event source with poller: token=Token(1), interests=READABLE
TRACE - registering event source with poller: token=Token(0), interests=READABLE
TRACE - registering event source with poller: token=Token(1), interests=READABLE
TRACE - registering event source with poller: token=Token(0), interests=READABLE
TRACE - registering event source with poller: token=Token(1), interests=READABLE
INFO - Pop Successfull, path "."
INFO - Pop Successfull, path ""
TRACE - registering event source with poller: token=Token(0), interests=READABLE
TRACE - registering event source with poller: token=Token(1), interests=READABLE
TRACE - registering event source with poller: token=Token(0), interests=READABLE
TRACE - registering event source with poller: token=Token(1), interests=READABLE
INFO - Pop Successfull, path "/Users/brightoncox/Programming/rust/tools/rexplorer"
INFO - Pop Successfull, path "/Users/brightoncox/Programming/rust/tools"
INFO - Pop Successfull, path "/Users/brightoncox/Programming/rust/tools/rusty_tasks/target/release"
INFO - Pop Successfull, path "/Users/brightoncox/Programming/rust/tools/rusty_tasks/target"
INFO - Pop Successfull, path "/Users/brightoncox/Programming/rust/tools/rusty_tasks"
INFO - Pop Successfull, path "/Users/brightoncox/Programming/rust/tools"
INFO - Pop Successfull, path "/Users/brightoncox/Programming/rust"
INFO - Pop Successfull, path "/Users/brightoncox/Programming"
INFO - Pop Successfull, path "/Users/brightoncox"
INFO - Pop Successfull, path "/Users"
INFO - Pop Successfull, path "/"
INFO - Pop Successfull, path "/System/Volumes/Data"
INFO - Pop Successfull, path "/System/Volumes"
INFO - Pop Successfull, path "/System"
INFO - Pop Successfull, path "/"
INFO - Pop Successfull, path "/System/Volumes/Data"
INFO - Pop Successfull, path "/System/Volumes"
INFO - Pop Successfull, path "/System"
INFO - Pop Successfull, path "/"
INFO - Pop Successfull, path "/System/Volumes/Data"
INFO - Pop Successfull, path "/System/Volumes"
INFO - Pop Successfull, path "/System"
INFO - Pop Successfull, path "/"
INFO - Pop Successfull, path "/System/Volumes/Data"
INFO - Pop Successfull, path "/System/Volumes"
INFO - Pop Successfull, path "/System"
INFO - Pop Successfull, path "/"
INFO - Pop Successfull, path "/"
INFO - Pop Successfull, path "/"
INFO - Pop Successfull, path "/Users"
INFO - Pop Successfull, path "/"
TRACE - registering event source with poller: token=Token(0), interests=READABLE
TRACE - registering event source with poller: token=Token(1), interests=READABLE
TRACE - registering event source with poller: token=Token(0), interests=READABLE
TRACE - registering event source with poller: token=Token(1), interests=READABLE
TRACE - registering event source with poller: token=Token(0), interests=READABLE
TRACE - registering event source with poller: token=Token(1), interests=READABLE
INFO - Pop Successfull, path "/Users/brightoncox/Programming/rust/tools/rexplorer"
INFO - Pop Successfull, path "/Users/brightoncox/Programming/rust/tools"
INFO - Pop Successfull, path "/Users/brightoncox/Programming/rust"
INFO - Pop Successfull, path "/Users/brightoncox/Programming"
INFO - Pop Successfull, path "/Users/brightoncox"
INFO - Pop Successfull, path "/Users"
INFO - Pop Successfull, path "/"
TRACE - registering event source with poller: token=Token(0), interests=READABLE
TRACE - registering event source with poller: token=Token(1), interests=READABLE
INFO - Pop Successfull, path "/Users/brightoncox/Programming/rust/tools"
INFO - Pop Successfull, path "/Users/brightoncox/Programming/rust"
INFO - Pop Successfull, path "/Users/brightoncox/Programming"
INFO - Pop Successfull, path "/Users/brightoncox"
INFO - Pop Successfull, path "/Users"
INFO - Pop Successfull, path "/"
TRACE - registering event source with poller: token=Token(0), interests=READABLE
TRACE - registering event source with poller: token=Token(1), interests=READABLE
INFO - Pop Successfull, path "/Users/brightoncox/Programming/rust/tools"
INFO - Pop Successfull, path "/Users/brightoncox/Programming/rust"
INFO - Pop Successfull, path "/Users/brightoncox/Programming"
INFO - Pop Successfull, path "/Users/brightoncox"
TRACE - registering event source with poller: token=Token(0), interests=READABLE
TRACE - registering event source with poller: token=Token(1), interests=READABLE
TRACE - registering event source with poller: token=Token(0), interests=READABLE
TRACE - registering event source with poller: token=Token(1), interests=READABLE
INFO - Pop Successfull, path "/Users/brightoncox/Programming/rust/tools"
INFO - Pop Successfull, path "/Users/brightoncox/Programming/rust"
INFO - Pop Successfull, path "/Users/brightoncox/Programming"
INFO - Pop Successfull, path "/Users/brightoncox"
INFO - Pop Successfull, path "/Users/brightoncox"
TRACE - registering event source with poller: token=Token(0), interests=READABLE
TRACE - registering event source with poller: token=Token(1), interests=READABLE
INFO - Pop Successfull, path "/Users/brightoncox/Programming/rust/tools"
INFO - Pop Successfull, path "/Users/brightoncox/Programming/rust"
INFO - Pop Successfull, path "/Users/brightoncox/Programming"
INFO - Pop Successfull, path "/Users/brightoncox"
INFO - Pop Successfull, path "/Users/brightoncox"
INFO - Pop Successfull, path "/Users"
INFO - Pop Successfull, path "/"
INFO - Pop Successfull, path "/System/Volumes/Data"
INFO - Pop Successfull, path "/System/Volumes"
INFO - Pop Successfull, path "/System"
INFO - Pop Successfull, path "/"
INFO - Pop Successfull, path "/"
TRACE - registering event source with poller: token=Token(0), interests=READABLE
TRACE - registering event source with poller: token=Token(1), interests=READABLE
INFO - Pop Successfull, path "/Users/brightoncox/Programming/rust/tools/rexplorer"
INFO - Pop Successfull, path "/Users/brightoncox/Programming/rust/tools/rexplorer/.git"
INFO - Pop Successfull, path "/Users/brightoncox/Programming/rust/tools/rexplorer"
INFO - Pop Successfull, path "/Users/brightoncox/Programming/rust/tools"
INFO - Pop Successfull, path "/Users/brightoncox/Programming/rust"
INFO - Pop Successfull, path "/Users/brightoncox/Programming"
INFO - Pop Successfull, path "/Users/brightoncox"
TRACE - registering event source with poller: token=Token(0), interests=READABLE
TRACE - registering event source with poller: token=Token(1), interests=READABLE
INFO - Pop Successfull, path "/Users/brightoncox/Programming/rust/tools"
INFO - Pop Successfull, path "/Users/brightoncox/Programming/rust"
INFO - Pop Successfull, path "/Users/brightoncox/Programming"
INFO - Pop Successfull, path "/Users/brightoncox"
TRACE - registering event source with poller: token=Token(0), interests=READABLE
TRACE - registering event source with poller: token=Token(1), interests=READABLE
INFO - Pop Successfull, path "/Users/brightoncox/Programming/rust/tools"
INFO - Pop Successfull, path "/Users/brightoncox/Programming/rust"
INFO - Pop Successfull, path "/Users/brightoncox/Programming"
INFO - Pop Successfull, path "/Users/brightoncox"
INFO - Pop Successfull, path "/Users/brightoncox"
INFO - Pop Successfull, path "/Users"
INFO - Pop Successfull, path "/"
TRACE - registering event source with poller: token=Token(0), interests=READABLE
TRACE - registering event source with poller: token=Token(1), interests=READABLE
TRACE - registering event source with poller: token=Token(0), interests=READABLE
TRACE - registering event source with poller: token=Token(1), interests=READABLE
INFO - Pop Successfull, path "/Users/brightoncox/Programming/rust/tools"
INFO - Pop Successfull, path "/Users/brightoncox/Programming/rust"
INFO - Pop Successfull, path "/Users/brightoncox/Programming"
INFO - Pop Successfull, path "/Users/brightoncox"
INFO - Pop Successfull, path "/Users"
TRACE - .localized is not a folder
INFO - Pop Successfull, path "/Users"
INFO - Pop Successfull, path "/Users"
INFO - Pop Successfull, path "/Users"
TRACE - registering event source with poller: token=Token(0), interests=READABLE
TRACE - registering event source with poller: token=Token(1), interests=READABLE
INFO - Pop Successfull, path "/Users/brightoncox/Programming/rust/tools"
INFO - Pop Successfull, path "/Users/brightoncox/Programming/rust"
INFO - Pop Successfull, path "/Users/brightoncox/Programming"
INFO - Pop Successfull, path "/Users/brightoncox"
INFO - Pop Successfull, path "/Users"
INFO - Pop Successfull, path "/Users/brightoncox"
TRACE - registering event source with poller: token=Token(0), interests=READABLE
TRACE - registering event source with poller: token=Token(1), interests=READABLE
TRACE - registering event source with poller: token=Token(0), interests=READABLE
TRACE - registering event source with poller: token=Token(1), interests=READABLE
INFO - Pop Successfull, path "/Users/brightoncox/Programming/rust/tools/rexplorer"
TRACE - registering event source with poller: token=Token(0), interests=READABLE
TRACE - registering event source with poller: token=Token(1), interests=READABLE
TRACE - registering event source with poller: token=Token(0), interests=READABLE
TRACE - registering event source with poller: token=Token(1), interests=READABLE
TRACE - registering event source with poller: token=Token(0), interests=READABLE
TRACE - registering event source with poller: token=Token(1), interests=READABLE
INFO - Pop Successfull, path "/Users/brightoncox/Programming/rust/tools/rexplorer"
INFO - Pop Successfull, path "/Users/brightoncox/Programming/rust/tools/rexplorer"
TRACE - registering event source with poller: token=Token(0), interests=READABLE
TRACE - registering event source with poller: token=Token(1), interests=READABLE
TRACE - registering event source with poller: token=Token(0), interests=READABLE
TRACE - registering event source with poller: token=Token(1), interests=READABLE
TRACE - registering event source with poller: token=Token(0), interests=READABLE
TRACE - registering event source with poller: token=Token(1), interests=READABLE
TRACE - registering event source with poller: token=Token(0), interests=READABLE
TRACE - registering event source with poller: token=Token(1), interests=READABLE
TRACE - registering event source with poller: token=Token(0), interests=READABLE
TRACE - registering event source with poller: token=Token(1), interests=READABLE
TRACE - registering event source with poller: token=Token(0), interests=READABLE
TRACE - registering event source with poller: token=Token(1), interests=READABLE
ERROR - Item could not be deleted
TRACE - registering event source with poller: token=Token(0), interests=READABLE
TRACE - registering event source with poller: token=Token(1), interests=READABLE
ERROR - Item could not be deleted
ERROR - Item could not be deleted
INFO - Pop Successfull, path "/Users/brightoncox/Programming/rust/tools/rexplorer"
INFO - Pop Successfull, path "/Users/brightoncox/Programming/rust/tools/rexplorer"
INFO - Pop Successfull, path "/Users/brightoncox/Programming/rust/tools/rexplorer"
TRACE - registering event source with poller: token=Token(0), interests=READABLE
TRACE - registering event source with poller: token=Token(1), interests=READABLE
TRACE - registering event source with poller: token=Token(0), interests=READABLE
TRACE - registering event source with poller: token=Token(1), interests=READABLE
TRACE - registering event source with poller: token=Token(0), interests=READABLE
TRACE - registering event source with poller: token=Token(1), interests=READABLE
INFO - Pop Successfull, path "/Users/brightoncox/Programming/rust/tools"
INFO - Pop Successfull, path "/Users/brightoncox/Programming/rust"
INFO - Pop Successfull, path "/Users/brightoncox/Programming"
TRACE - registering event source with poller: token=Token(0), interests=READABLE
TRACE - registering event source with poller: token=Token(1), interests=READABLE
TRACE - registering event source with poller: token=Token(0), interests=READABLE
TRACE - registering event source with poller: token=Token(1), interests=READABLE
INFO - Pop Successfull, path "/Users/brightoncox/Programming/rust/tools/rexplorer"
TRACE - Cargo.lock is not a folder
TRACE - Cargo.lock is not a folder
TRACE - Cargo.lock is not a folder
TRACE - Cargo.lock is not a folder
TRACE - Cargo.lock is not a folder
TRACE - Cargo.lock is not a folder
TRACE - Cargo.lock is not a folder
INFO - Pop Successfull, path "/Users/brightoncox/Programming/rust/tools/rexplorer"
ERROR - Item could not be deleted
INFO - Pop Successfull, path "/Users/brightoncox/Programming/rust/tools"
INFO - Pop Successfull, path "/Users/brightoncox/Programming/rust"
INFO - Pop Successfull, path "/Users/brightoncox/Programming"
INFO - Pop Successfull, path "/Users/brightoncox"
INFO - Pop Successfull, path "/Users"
INFO - Pop Successfull, path "/"
TRACE - N/A is not a folder
TRACE - N/A is not a folder
TRACE - registering event source with poller: token=Token(0), interests=READABLE
TRACE - registering event source with poller: token=Token(1), interests=READABLE
TRACE - registering event source with poller: token=Token(0), interests=READABLE
TRACE - registering event source with poller: token=Token(1), interests=READABLE
INFO - Pop Successfull, path "/Users/brightoncox/Programming/rust/tools/rexplorer"
INFO - Pop Successfull, path "/Users/brightoncox/Programming/rust/tools/rexplorer"
INFO - Pop Successfull, path "/Users/brightoncox/Programming/rust/tools/rexplorer"
ERROR - Item could not be deleted
INFO - Pop Successfull, path "/Users/brightoncox/Programming/rust/tools/rexplorer"
INFO - Pop Successfull, path "/Users/brightoncox/Programming/rust/tools/rexplorer"
